<?xml version="1.0" encoding="UTF-8"?>
<!-- Generated by org.testng.reporters.JUnitXMLReporter -->
<testsuite ignored="0" hostname="DESKTOP-JT0GUHN" failures="0" tests="7" name="Surefire test" time="45.071" errors="0" timestamp="13 Aug. 2021 23:28:24 GMT">
  <testcase classname="com.qa.testcases.ContactPageTest" name="clickCreate" time="0.238"/>
  <testcase classname="com.qa.testcases.ContactPageTest" name="contactDetails" time="0.0">
    <skipped/>
  </testcase> <!-- contactDetails -->
  <testcase classname="com.qa.testcases.HomePageTest" name="contactClick" time="1.026"/>
  <testcase classname="com.qa.testcases.HomePageTest" name="verifytitle" time="0.008"/>
  <testcase classname="com.qa.testcases.HomePageTest" name="verifyuserDisplay" time="0.581"/>
  <testcase classname="com.qa.testcases.LoginTest" name="signIn" time="2.815"/>
  <testcase classname="com.qa.testcases.LoginTest" name="validateTitle" time="0.009"/>
</testsuite> <!-- Surefire test -->
