<?xml version="1.0" encoding="UTF-8"?>
<!-- Generated by org.testng.reporters.JUnitXMLReporter -->
<testsuite ignored="0" hostname="DESKTOP-JT0GUHN" failures="0" tests="2" name="Default test" time="8.405" errors="0" timestamp="13 Aug. 2021 19:26:54 GMT">
  <testcase classname="com.qa.testcases.ContactPageTest" name="clickCreate" time="0.246"/>
  <testcase classname="com.qa.testcases.ContactPageTest" name="contactDetails" time="0.0">
    <skipped/>
  </testcase> <!-- contactDetails -->
</testsuite> <!-- Default test -->
