<?xml version="1.0" encoding="UTF-8"?>
<testsuite xmlns:xsi="http://www.w3.org/2001/XMLSchema-instance" xsi:noNamespaceSchemaLocation="https://maven.apache.org/surefire/maven-surefire-plugin/xsd/surefire-test-report.xsd" name="TestSuite" time="45.417" tests="7" errors="0" skipped="1" failures="0">
  <properties>
[...]
</properties>
  <testcase name="clickCreate" classname="com.qa.testcases.ContactPageTest" time="0.239"/>
  <testcase name="contactDetails" classname="com.qa.testcases.ContactPageTest" time="0">
    <skipped message="java.lang.NoSuchMethodError: org.openxmlformats.schemas.spreadsheetml.x2006.main.impl.CTFontsImpl.getXmlObjectArray(Ljavax/xml/namespace/QName;[Lorg/apache/xmlbeans/XmlObject;)[Lorg/apache/xmlbeans/XmlObject;"/>
    <system-err><![CDATA[1628897268929	Marionette	INFO	Stopped listening on port 64260
JavaScript error: resource:///modules/Interactions.jsm, line 209: NS_ERROR_FAILURE: Component returned failure code: 0x80004005 (NS_ERROR_FAILURE) [nsIUserIdleService.removeIdleObserver]
!!! error running onStopped callback: TypeError: callback is not a function
1628897269297	RemoteAgent	ERROR	unable to stop listener: [Exception... "Component returned failure code: 0x8000ffff (NS_ERROR_UNEXPECTED) [nsIWindowMediator.getEnumerator]"  nsresult: "0x8000ffff (NS_ERROR_UNEXPECTED)"  location: "JS frame :: chrome://remote/content/cdp/observers/TargetObserver.jsm :: stop :: line 64"  data: no] Stack trace: stop()@TargetObserver.jsm:64
unwatchForTabs()@TargetList.jsm:70
unwatchForTargets()@TargetList.jsm:37
destructor()@TargetList.jsm:109
stop()@CDP.jsm:104
close()@RemoteAgent.jsm:138
[Utils] [ERROR] [Error] java.lang.NoSuchMethodError: org.openxmlformats.schemas.spreadsheetml.x2006.main.impl.CTFontsImpl.getXmlObjectArray(Ljavax/xml/namespace/QName;[Lorg/apache/xmlbeans/XmlObject;)[Lorg/apache/xmlbeans/XmlObject;
	at org.openxmlformats.schemas.spreadsheetml.x2006.main.impl.CTFontsImpl.getFontArray(CTFontsImpl.java:71)
	at org.apache.poi.xssf.model.StylesTable.readFrom(StylesTable.java:210)
	at org.apache.poi.xssf.model.StylesTable.&lt;init&gt;(StylesTable.java:138)
	at org.apache.poi.ooxml.POIXMLFactory.createDocumentPart(POIXMLFactory.java:61)
	at org.apache.poi.ooxml.POIXMLDocumentPart.read(POIXMLDocumentPart.java:660)
	at org.apache.poi.ooxml.POIXMLDocument.load(POIXMLDocument.java:165)
	at org.apache.poi.xssf.usermodel.XSSFWorkbook.&lt;init&gt;(XSSFWorkbook.java:278)
	at org.apache.poi.xssf.usermodel.XSSFWorkbookFactory.createWorkbook(XSSFWorkbookFactory.java:118)
	at org.apache.poi.xssf.usermodel.XSSFWorkbookFactory.create(XSSFWorkbookFactory.java:98)
	at org.apache.poi.xssf.usermodel.XSSFWorkbookFactory.create(XSSFWorkbookFactory.java:36)
	at org.apache.poi.ss.usermodel.WorkbookFactory.lambda$create$2(WorkbookFactory.java:199)
	at org.apache.poi.ss.usermodel.WorkbookFactory.wp(WorkbookFactory.java:295)
	at org.apache.poi.ss.usermodel.WorkbookFactory.create(WorkbookFactory.java:199)
	at org.apache.poi.ss.usermodel.WorkbookFactory.create(WorkbookFactory.java:163)
	at com.qa.utils.TestUtils.getTestData(TestUtils.java:40)
	at com.qa.testcases.ContactPageTest.getCRMTestData(ContactPageTest.java:43)
	at java.base/jdk.internal.reflect.NativeMethodAccessorImpl.invoke0(Native Method)
	at java.base/jdk.internal.reflect.NativeMethodAccessorImpl.invoke(NativeMethodAccessorImpl.java:62)
	at java.base/jdk.internal.reflect.DelegatingMethodAccessorImpl.invoke(DelegatingMethodAccessorImpl.java:43)
	at java.base/java.lang.reflect.Method.invoke(Method.java:566)
	at org.testng.internal.MethodInvocationHelper.invokeMethod(MethodInvocationHelper.java:124)
	at org.testng.internal.MethodInvocationHelper.invokeMethod(MethodInvocationHelper.java:74)
	at org.testng.internal.MethodInvocationHelper.invokeMethodNoCheckedException(MethodInvocationHelper.java:45)
	at org.testng.internal.MethodInvocationHelper.invokeDataProvider(MethodInvocationHelper.java:131)
	at org.testng.internal.Parameters.handleParameters(Parameters.java:706)
	at org.testng.internal.ParameterHandler.handleParameters(ParameterHandler.java:49)
	at org.testng.internal.ParameterHandler.createParameters(ParameterHandler.java:37)
	at org.testng.internal.Invoker.invokeTestMethods(Invoker.java:924)
	at org.testng.internal.TestMethodWorker.invokeTestMethods(TestMethodWorker.java:125)
	at org.testng.internal.TestMethodWorker.run(TestMethodWorker.java:109)
	at org.testng.TestRunner.privateRun(TestRunner.java:648)
	at org.testng.TestRunner.run(TestRunner.java:505)
	at org.testng.SuiteRunner.runTest(SuiteRunner.java:455)
	at org.testng.SuiteRunner.runSequentially(SuiteRunner.java:450)
	at org.testng.SuiteRunner.privateRun(SuiteRunner.java:415)
	at org.testng.SuiteRunner.run(SuiteRunner.java:364)
	at org.testng.SuiteRunnerWorker.runSuite(SuiteRunnerWorker.java:52)
	at org.testng.SuiteRunnerWorker.run(SuiteRunnerWorker.java:84)
	at org.testng.TestNG.runSuitesSequentially(TestNG.java:1208)
	at org.testng.TestNG.runSuitesLocally(TestNG.java:1137)
	at org.testng.TestNG.runSuites(TestNG.java:1049)
	at org.testng.TestNG.run(TestNG.java:1017)
	at org.apache.maven.surefire.testng.TestNGExecutor.run(TestNGExecutor.java:135)
	at org.apache.maven.surefire.testng.TestNGDirectoryTestSuite.executeMulti(TestNGDirectoryTestSuite.java:193)
	at org.apache.maven.surefire.testng.TestNGDirectoryTestSuite.execute(TestNGDirectoryTestSuite.java:94)
	at org.apache.maven.surefire.testng.TestNGProvider.invoke(TestNGProvider.java:146)
	at org.apache.maven.surefire.booter.ForkedBooter.invokeProviderInSameClassLoader(ForkedBooter.java:384)
	at org.apache.maven.surefire.booter.ForkedBooter.runSuitesInProcess(ForkedBooter.java:345)
	at org.apache.maven.surefire.booter.ForkedBooter.execute(ForkedBooter.java:126)
	at org.apache.maven.surefire.booter.ForkedBooter.main(ForkedBooter.java:418)

]]></system-err>
  </testcase>
  <testcase name="contactClick" classname="com.qa.testcases.HomePageTest" time="1.024"/>
  <testcase name="verifytitle" classname="com.qa.testcases.HomePageTest" time="0.007"/>
  <testcase name="verifyuserDisplay" classname="com.qa.testcases.HomePageTest" time="0.581"/>
  <testcase name="signIn" classname="com.qa.testcases.LoginTest" time="2.815"/>
  <testcase name="validateTitle" classname="com.qa.testcases.LoginTest" time="0.008"/>
</testsuite>