<?xml version="1.0" encoding="UTF-8"?>
<testng-results ignored="0" total="7" passed="6" failed="0" skipped="1">
  <reporter-output>
  </reporter-output>
  <suite started-at="2021-08-14T17:22:37Z" name=" Free CRM APP Suite" finished-at="2021-08-14T17:23:24Z" duration-ms="46874">
    <groups>
    </groups>
    <test started-at="2021-08-14T17:22:37Z" name="Free CRM APP Test" finished-at="2021-08-14T17:23:24Z" duration-ms="46874">
      <class name="com.qa.testcases.HomePageTest">
        <test-method is-config="true" signature="setUp()[pri:0, instance:com.qa.testcases.HomePageTest@10a9d961]" started-at="2021-08-14T17:22:50Z" name="setUp" finished-at="2021-08-14T17:22:58Z" duration-ms="7633" status="PASS">
          <reporter-output>
          </reporter-output>
        </test-method> <!-- setUp -->
        <test-method signature="contactClick()[pri:0, instance:com.qa.testcases.HomePageTest@10a9d961]" started-at="2021-08-14T17:22:58Z" name="contactClick" finished-at="2021-08-14T17:22:59Z" duration-ms="1294" status="PASS">
          <reporter-output>
          </reporter-output>
        </test-method> <!-- contactClick -->
        <test-method is-config="true" signature="tearDown()[pri:0, instance:com.qa.testcases.HomePageTest@10a9d961]" started-at="2021-08-14T17:22:59Z" name="tearDown" finished-at="2021-08-14T17:23:00Z" duration-ms="572" status="PASS">
          <reporter-output>
          </reporter-output>
        </test-method> <!-- tearDown -->
        <test-method is-config="true" signature="setUp()[pri:0, instance:com.qa.testcases.HomePageTest@10a9d961]" started-at="2021-08-14T17:23:00Z" name="setUp" finished-at="2021-08-14T17:23:06Z" duration-ms="6568" status="PASS">
          <reporter-output>
          </reporter-output>
        </test-method> <!-- setUp -->
        <test-method signature="verifytitle()[pri:0, instance:com.qa.testcases.HomePageTest@10a9d961]" started-at="2021-08-14T17:23:06Z" name="verifytitle" finished-at="2021-08-14T17:23:06Z" duration-ms="3" status="PASS">
          <reporter-output>
          </reporter-output>
        </test-method> <!-- verifytitle -->
        <test-method is-config="true" signature="tearDown()[pri:0, instance:com.qa.testcases.HomePageTest@10a9d961]" started-at="2021-08-14T17:23:06Z" name="tearDown" finished-at="2021-08-14T17:23:07Z" duration-ms="555" status="PASS">
          <reporter-output>
          </reporter-output>
        </test-method> <!-- tearDown -->
        <test-method is-config="true" signature="setUp()[pri:0, instance:com.qa.testcases.HomePageTest@10a9d961]" started-at="2021-08-14T17:23:07Z" name="setUp" finished-at="2021-08-14T17:23:14Z" duration-ms="7021" status="PASS">
          <reporter-output>
          </reporter-output>
        </test-method> <!-- setUp -->
        <test-method signature="verifyuserDisplay()[pri:0, instance:com.qa.testcases.HomePageTest@10a9d961]" started-at="2021-08-14T17:23:14Z" name="verifyuserDisplay" finished-at="2021-08-14T17:23:15Z" duration-ms="827" status="PASS">
          <reporter-output>
          </reporter-output>
        </test-method> <!-- verifyuserDisplay -->
        <test-method is-config="true" signature="tearDown()[pri:0, instance:com.qa.testcases.HomePageTest@10a9d961]" started-at="2021-08-14T17:23:15Z" name="tearDown" finished-at="2021-08-14T17:23:15Z" duration-ms="644" status="PASS">
          <reporter-output>
          </reporter-output>
        </test-method> <!-- tearDown -->
      </class> <!-- com.qa.testcases.HomePageTest -->
      <class name="com.qa.testcases.LoginTest">
        <test-method is-config="true" signature="setUp()[pri:0, instance:com.qa.testcases.LoginTest@1458ed9c]" started-at="2021-08-14T17:22:37Z" name="setUp" finished-at="2021-08-14T17:22:42Z" duration-ms="4918" status="PASS">
          <reporter-output>
          </reporter-output>
        </test-method> <!-- setUp -->
        <test-method signature="signIn()[pri:0, instance:com.qa.testcases.LoginTest@1458ed9c]" started-at="2021-08-14T17:22:42Z" name="signIn" finished-at="2021-08-14T17:22:45Z" duration-ms="3712" status="PASS">
          <reporter-output>
          </reporter-output>
        </test-method> <!-- signIn -->
        <test-method is-config="true" signature="tearDown()[pri:0, instance:com.qa.testcases.LoginTest@1458ed9c]" started-at="2021-08-14T17:22:45Z" name="tearDown" finished-at="2021-08-14T17:22:46Z" duration-ms="568" status="PASS">
          <reporter-output>
          </reporter-output>
        </test-method> <!-- tearDown -->
        <test-method is-config="true" signature="setUp()[pri:0, instance:com.qa.testcases.LoginTest@1458ed9c]" started-at="2021-08-14T17:22:46Z" name="setUp" finished-at="2021-08-14T17:22:50Z" duration-ms="3674" status="PASS">
          <reporter-output>
          </reporter-output>
        </test-method> <!-- setUp -->
        <test-method signature="validateTitle()[pri:0, instance:com.qa.testcases.LoginTest@1458ed9c]" started-at="2021-08-14T17:22:50Z" name="validateTitle" finished-at="2021-08-14T17:22:50Z" duration-ms="5" status="PASS">
          <reporter-output>
          </reporter-output>
        </test-method> <!-- validateTitle -->
        <test-method is-config="true" signature="tearDown()[pri:0, instance:com.qa.testcases.LoginTest@1458ed9c]" started-at="2021-08-14T17:22:50Z" name="tearDown" finished-at="2021-08-14T17:22:50Z" duration-ms="539" status="PASS">
          <reporter-output>
          </reporter-output>
        </test-method> <!-- tearDown -->
      </class> <!-- com.qa.testcases.LoginTest -->
      <class name="com.qa.testcases.ContactPageTest">
        <test-method is-config="true" signature="setUp()[pri:0, instance:com.qa.testcases.ContactPageTest@130e116b]" started-at="2021-08-14T17:23:15Z" name="setUp" finished-at="2021-08-14T17:23:22Z" duration-ms="7160" status="PASS">
          <reporter-output>
          </reporter-output>
        </test-method> <!-- setUp -->
        <test-method signature="clickCreate()[pri:0, instance:com.qa.testcases.ContactPageTest@130e116b]" started-at="2021-08-14T17:23:22Z" name="clickCreate" finished-at="2021-08-14T17:23:23Z" duration-ms="237" status="PASS">
          <reporter-output>
          </reporter-output>
        </test-method> <!-- clickCreate -->
        <test-method is-config="true" signature="tearDown()[pri:0, instance:com.qa.testcases.ContactPageTest@130e116b]" started-at="2021-08-14T17:23:23Z" name="tearDown" finished-at="2021-08-14T17:23:23Z" duration-ms="576" status="PASS">
          <reporter-output>
          </reporter-output>
        </test-method> <!-- tearDown -->
        <test-method signature="contactDetails(java.lang.String, java.lang.String)[pri:0, instance:com.qa.testcases.ContactPageTest@130e116b]" started-at="2021-08-14T17:23:24Z" name="contactDetails" data-provider="getCRMTestData" finished-at="2021-08-14T17:23:24Z" duration-ms="0" status="SKIP">
          <exception class="java.lang.RuntimeException">
            <message>
              <![CDATA[java.lang.NoSuchMethodError: 'org.apache.xmlbeans.XmlObject[] org.openxmlformats.schemas.spreadsheetml.x2006.main.impl.CTFontsImpl.getXmlObjectArray(javax.xml.namespace.QName, org.apache.xmlbeans.XmlObject[])']]>
            </message>
            <full-stacktrace>
              <![CDATA[java.lang.RuntimeException: java.lang.NoSuchMethodError: 'org.apache.xmlbeans.XmlObject[] org.openxmlformats.schemas.spreadsheetml.x2006.main.impl.CTFontsImpl.getXmlObjectArray(javax.xml.namespace.QName, org.apache.xmlbeans.XmlObject[])'
at org.testng.internal.MethodInvocationHelper.invokeMethodNoCheckedException(MethodInvocationHelper.java:49)
at org.testng.internal.MethodInvocationHelper.invokeDataProvider(MethodInvocationHelper.java:131)
at org.testng.internal.Parameters.handleParameters(Parameters.java:706)
at org.testng.internal.ParameterHandler.handleParameters(ParameterHandler.java:49)
at org.testng.internal.ParameterHandler.createParameters(ParameterHandler.java:37)
at org.testng.internal.Invoker.invokeTestMethods(Invoker.java:924)
at org.testng.internal.TestMethodWorker.invokeTestMethods(TestMethodWorker.java:125)
at org.testng.internal.TestMethodWorker.run(TestMethodWorker.java:109)
at org.testng.TestRunner.privateRun(TestRunner.java:648)
at org.testng.TestRunner.run(TestRunner.java:505)
at org.testng.SuiteRunner.runTest(SuiteRunner.java:455)
at org.testng.SuiteRunner.runSequentially(SuiteRunner.java:450)
at org.testng.SuiteRunner.privateRun(SuiteRunner.java:415)
at org.testng.SuiteRunner.run(SuiteRunner.java:364)
at org.testng.SuiteRunnerWorker.runSuite(SuiteRunnerWorker.java:52)
at org.testng.SuiteRunnerWorker.run(SuiteRunnerWorker.java:84)
at org.testng.TestNG.runSuitesSequentially(TestNG.java:1208)
at org.testng.TestNG.runSuitesLocally(TestNG.java:1137)
at org.testng.TestNG.runSuites(TestNG.java:1049)
at org.testng.TestNG.run(TestNG.java:1017)
at org.testng.remote.AbstractRemoteTestNG.run(AbstractRemoteTestNG.java:115)
at org.testng.remote.RemoteTestNG.initAndRun(RemoteTestNG.java:251)
at org.testng.remote.RemoteTestNG.main(RemoteTestNG.java:77)
Caused by: java.lang.NoSuchMethodError: 'org.apache.xmlbeans.XmlObject[] org.openxmlformats.schemas.spreadsheetml.x2006.main.impl.CTFontsImpl.getXmlObjectArray(javax.xml.namespace.QName, org.apache.xmlbeans.XmlObject[])'
at org.openxmlformats.schemas.spreadsheetml.x2006.main.impl.CTFontsImpl.getFontArray(CTFontsImpl.java:71)
at org.apache.poi.xssf.model.StylesTable.readFrom(StylesTable.java:210)
at org.apache.poi.xssf.model.StylesTable.<init>(StylesTable.java:138)
at org.apache.poi.ooxml.POIXMLFactory.createDocumentPart(POIXMLFactory.java:61)
at org.apache.poi.ooxml.POIXMLDocumentPart.read(POIXMLDocumentPart.java:660)
at org.apache.poi.ooxml.POIXMLDocument.load(POIXMLDocument.java:165)
at org.apache.poi.xssf.usermodel.XSSFWorkbook.<init>(XSSFWorkbook.java:278)
at org.apache.poi.xssf.usermodel.XSSFWorkbookFactory.createWorkbook(XSSFWorkbookFactory.java:118)
at org.apache.poi.xssf.usermodel.XSSFWorkbookFactory.create(XSSFWorkbookFactory.java:98)
at org.apache.poi.xssf.usermodel.XSSFWorkbookFactory.create(XSSFWorkbookFactory.java:36)
at org.apache.poi.ss.usermodel.WorkbookFactory.lambda$create$2(WorkbookFactory.java:199)
at org.apache.poi.ss.usermodel.WorkbookFactory.wp(WorkbookFactory.java:295)
at org.apache.poi.ss.usermodel.WorkbookFactory.create(WorkbookFactory.java:199)
at org.apache.poi.ss.usermodel.WorkbookFactory.create(WorkbookFactory.java:163)
at com.qa.utils.TestUtils.getTestData(TestUtils.java:40)
at com.qa.testcases.ContactPageTest.getCRMTestData(ContactPageTest.java:43)
at java.base/jdk.internal.reflect.NativeMethodAccessorImpl.invoke0(Native Method)
at java.base/jdk.internal.reflect.NativeMethodAccessorImpl.invoke(NativeMethodAccessorImpl.java:64)
at java.base/jdk.internal.reflect.DelegatingMethodAccessorImpl.invoke(DelegatingMethodAccessorImpl.java:43)
at java.base/java.lang.reflect.Method.invoke(Method.java:564)
at org.testng.internal.MethodInvocationHelper.invokeMethod(MethodInvocationHelper.java:124)
at org.testng.internal.MethodInvocationHelper.invokeMethod(MethodInvocationHelper.java:74)
at org.testng.internal.MethodInvocationHelper.invokeMethodNoCheckedException(MethodInvocationHelper.java:45)
... 22 more
]]>
            </full-stacktrace>
          </exception> <!-- java.lang.RuntimeException -->
          <reporter-output>
          </reporter-output>
        </test-method> <!-- contactDetails -->
      </class> <!-- com.qa.testcases.ContactPageTest -->
    </test> <!-- Free CRM APP Test -->
  </suite> <!--  Free CRM APP Suite -->
</testng-results>
