<?xml version="1.0" encoding="UTF-8"?>
<!-- Generated by org.testng.reporters.JUnitXMLReporter -->
<testsuite ignored="0" hostname="DESKTOP-JT0GUHN" failures="0" tests="7" name="Free CRM APP Test" time="46.874" errors="0" timestamp="14 Aug. 2021 17:23:24 GMT">
  <testcase classname="com.qa.testcases.LoginTest" name="signIn" time="3.712"/>
  <testcase classname="com.qa.testcases.LoginTest" name="validateTitle" time="0.005"/>
  <testcase classname="com.qa.testcases.HomePageTest" name="contactClick" time="1.294"/>
  <testcase classname="com.qa.testcases.HomePageTest" name="verifytitle" time="0.003"/>
  <testcase classname="com.qa.testcases.HomePageTest" name="verifyuserDisplay" time="0.827"/>
  <testcase classname="com.qa.testcases.ContactPageTest" name="clickCreate" time="0.237"/>
  <testcase classname="com.qa.testcases.ContactPageTest" name="contactDetails" time="0.0">
    <skipped/>
  </testcase> <!-- contactDetails -->
</testsuite> <!-- Free CRM APP Test -->
