<?xml version="1.0" encoding="UTF-8"?>
<!-- Generated by org.testng.reporters.JUnitXMLReporter -->
<testsuite ignored="0" hostname="DESKTOP-JT0GUHN" failures="0" tests="7" name="Free CRM APP Test" time="47.919" errors="0" timestamp="13 Aug. 2021 20:16:15 GMT">
  <testcase classname="com.qa.testcases.LoginTest" name="signIn" time="2.988"/>
  <testcase classname="com.qa.testcases.LoginTest" name="validateTitle" time="0.01"/>
  <testcase classname="com.qa.testcases.HomePageTest" name="contactClick" time="0.772"/>
  <testcase classname="com.qa.testcases.HomePageTest" name="verifytitle" time="0.007"/>
  <testcase classname="com.qa.testcases.HomePageTest" name="verifyuserDisplay" time="0.688"/>
  <testcase classname="com.qa.testcases.ContactPageTest" name="clickCreate" time="0.583"/>
  <testcase classname="com.qa.testcases.ContactPageTest" name="contactDetails" time="0.0">
    <skipped/>
  </testcase> <!-- contactDetails -->
</testsuite> <!-- Free CRM APP Test -->
